This is pdfTeX, Version 3.141592653-2.6-1.40.25 (TeX Live 2023) (preloaded format=pdflatex 2023.4.13)  20 APR 2023 15:02
entering extended mode
 restricted \write18 enabled.
 %&-line parsing enabled.
**EstateOfArt.tex
(./EstateOfArt.tex
LaTeX2e <2022-11-01> patch level 1
L3 programming layer <2023-03-30>
(c:/texlive/2023/texmf-dist/tex/latex/revtex/revtex4-2.cls
Document Class: revtex4-2 2020/10/03 4.2e (https://journals.aps.org/revtex/ for
 documentation)
 Copyright (c) 2019 American Physical Society.
 mailto:revtex@aps.org
 Licensed under the LPPL:
http://www.ctan.org/tex-archive/macros/latex/base/lppl.txt
 Arthur Ogawa <arthur_ogawa at sbcglobal dot net>
 Based on work by David Carlisle <david at dcarlisle.demon.co.uk>
 Version (4.2d,4.2e): Modified by Mark Doyle and Phelype Oleinik
 .
ltxutil[2020/10/03 4.2e utilities package (portions licensed from W. E. Baxter 
web at superscript.com)]
LaTeX Info: Redefining \@centercr on input line 356.
Class revtex4-2 Info: Repairing hyperref-unfriendly LaTeX definition of \mpfoot
note on input line 481.
Class revtex4-2 Info: Repairing broken LateX \@sect on input line 803.
\intertabularlinepenalty=\count185
\@tbpen=\count186
\@arstrutbox@hline=\box51
Class revtex4-2 Info: Repairing broken LaTeX \@xbitor on input line 1834.
Class revtex4-2 Info: Making \typeout \long on input line 2099.
ltxfront[2020/10/03 4.2e frontmatter package (AO,DPC,MD)]
\c@affil=\count187
\c@collab=\count188
\absbox=\box52
ltxgrid[2020/10/03 4.2e page grid package (portions licensed from W. E. Baxter 
web at superscript.com)]
\c@linecount=\count189
\output@latex=\toks16
\box@size@1=\box53
\box@size@2=\box54
\@protection@box=\box55
\@topmark@saved=\toks17
\footins@saved=\box56
\footins@recovered=\box57
\column@recovered=\box58
\pagesofar=\box59
\footsofar=\box60
\pagegrid@col=\count190
Class revtex4-2 Info: Overriding \@vspace, \@vspacer, \@no@pgbk, \@newline, and
 \\  on input line 5665.
\c@part=\count191
\c@section=\count192
\c@subsection=\count193
\c@subsubsection=\count194
\c@paragraph=\count195
\c@subparagraph=\count196
\abovecaptionskip=\skip48
\belowcaptionskip=\skip49
\c@figure=\count197
\fbox@1=\box61
\c@table=\count198
\fbox@2=\box62
\c@video=\count199
\fbox@4=\box63
\@bibdataout=\write3
\widetext@top=\box64
\widetext@bot=\box65
Class revtex4-2 Info: Selecting society aps on input line 7658.
(c:/texlive/2023/texmf-dist/tex/latex/revtex/aps4-2.rtx
File: aps4-2 2020/10/03 4.2e (https://journals.aps.org/revtex/ for documentatio
n)
Class revtex4-2 Info: RevTeX society APS selected on input line 40.
)

Class revtex4-2 Warning: No journal specified, using default pra.

Class revtex4-2 Info: APS journal PRA selected on input line 7661.
(c:/texlive/2023/texmf-dist/tex/latex/revtex/aps10pt4-2.rtx
File: aps10pt4-2 2020/10/03 4.2e (https://journals.aps.org/revtex/ for document
ation)
Class revtex4-2 Info: RevTeX pointsize 10pt selected on input line 39.
)
(c:/texlive/2023/texmf-dist/tex/latex/textcase/textcase.sty
Package: textcase 2022/07/10 v1.03 Text only upper/lower case changing (DPC)
Package textcase Info: Defining Legacy names on input line 20.
)
(c:/texlive/2023/texmf-dist/tex/latex/amsfonts/amssymb.sty
Package: amssymb 2013/01/14 v3.01 AMS font symbols

(c:/texlive/2023/texmf-dist/tex/latex/amsfonts/amsfonts.sty
Package: amsfonts 2013/01/14 v3.01 Basic AMSFonts support
\@emptytoks=\toks18
\symAMSa=\mathgroup4
\symAMSb=\mathgroup5
LaTeX Font Info:    Redeclaring math symbol \hbar on input line 98.
LaTeX Font Info:    Overwriting math alphabet `\mathfrak' in version `bold'
(Font)                  U/euf/m/n --> U/euf/b/n on input line 106.
))
(c:/texlive/2023/texmf-dist/tex/latex/amsmath/amsmath.sty
Package: amsmath 2022/04/08 v2.17n AMS math features
\@mathmargin=\skip50

For additional information on amsmath, use the `?' option.
(c:/texlive/2023/texmf-dist/tex/latex/amsmath/amstext.sty
Package: amstext 2021/08/26 v2.01 AMS text

(c:/texlive/2023/texmf-dist/tex/latex/amsmath/amsgen.sty
File: amsgen.sty 1999/11/30 v2.0 generic functions
\@emptytoks=\toks19
\ex@=\dimen140
)
LaTeX Info: Redefining \text on input line 28.
)
(c:/texlive/2023/texmf-dist/tex/latex/amsmath/amsbsy.sty
Package: amsbsy 1999/11/29 v1.2d Bold Symbols
\pmbraise@=\dimen141
)
(c:/texlive/2023/texmf-dist/tex/latex/amsmath/amsopn.sty
Package: amsopn 2022/04/08 v2.04 operator names
)
\inf@bad=\count266
LaTeX Info: Redefining \frac on input line 234.
\uproot@=\count267
\leftroot@=\count268
LaTeX Info: Redefining \overline on input line 399.
LaTeX Info: Redefining \colon on input line 410.
\classnum@=\count269
\DOTSCASE@=\count270
LaTeX Info: Redefining \ldots on input line 496.
LaTeX Info: Redefining \dots on input line 499.
LaTeX Info: Redefining \cdots on input line 620.
\Mathstrutbox@=\box66
\strutbox@=\box67
LaTeX Info: Redefining \big on input line 722.
LaTeX Info: Redefining \Big on input line 723.
LaTeX Info: Redefining \bigg on input line 724.
LaTeX Info: Redefining \Bigg on input line 725.
\big@size=\dimen142
LaTeX Font Info:    Redeclaring font encoding OML on input line 743.
LaTeX Font Info:    Redeclaring font encoding OMS on input line 744.
\macc@depth=\count271
LaTeX Info: Redefining \bmod on input line 905.
LaTeX Info: Redefining \pmod on input line 910.
LaTeX Info: Redefining \smash on input line 940.
LaTeX Info: Redefining \relbar on input line 970.
LaTeX Info: Redefining \Relbar on input line 971.
\c@MaxMatrixCols=\count272
\dotsspace@=\muskip16
\c@parentequation=\count273
\dspbrk@lvl=\count274
\tag@help=\toks20
\row@=\count275
\column@=\count276
\maxfields@=\count277
\andhelp@=\toks21
\eqnshift@=\dimen143
\alignsep@=\dimen144
\tagshift@=\dimen145
\tagwidth@=\dimen146
\totwidth@=\dimen147
\lineht@=\dimen148
\@envbody=\toks22
\multlinegap=\skip51
\multlinetaggap=\skip52
\mathdisplay@stack=\toks23
LaTeX Info: Redefining \[ on input line 2953.
LaTeX Info: Redefining \] on input line 2954.
)
(c:/texlive/2023/texmf-dist/tex/latex/url/url.sty
\Urlmuskip=\muskip17
Package: url 2013/09/16  ver 3.4  Verb mode for urls, etc.
)
(c:/texlive/2023/texmf-dist/tex/latex/natbib/natbib.sty
Package: natbib 2010/09/13 8.31b (PWD, AO)
\bibhang=\skip53
\bibsep=\skip54
LaTeX Info: Redefining \cite on input line 694.
\c@NAT@ctr=\count278
)
Class revtex4-2 Info: Repairing natbib's \BibitemShut on input line 7665.

(c:/texlive/2023/texmf-dist/tex/latex/revtex/revsymb4-2.sty
Package: revsymb4-2 2020/10/03 4.2e (https://journals.aps.org/revtex/ for docum
entation)
LaTeX Info: Redefining \frak on input line 104.
LaTeX Info: Redefining \Bbb on input line 120.
LaTeX Info: Redefining \REV@mathfrak on input line 128.
))
(c:/texlive/2023/texmf-dist/tex/latex/graphics/graphicx.sty
Package: graphicx 2021/09/16 v1.2d Enhanced LaTeX Graphics (DPC,SPQR)

(c:/texlive/2023/texmf-dist/tex/latex/graphics/keyval.sty
Package: keyval 2022/05/29 v1.15 key=value parser (DPC)
\KV@toks@=\toks24
)
(c:/texlive/2023/texmf-dist/tex/latex/graphics/graphics.sty
Package: graphics 2022/03/10 v1.4e Standard LaTeX Graphics (DPC,SPQR)

(c:/texlive/2023/texmf-dist/tex/latex/graphics/trig.sty
Package: trig 2021/08/11 v1.11 sin cos tan (DPC)
)
(c:/texlive/2023/texmf-dist/tex/latex/graphics-cfg/graphics.cfg
File: graphics.cfg 2016/06/04 v1.11 sample graphics configuration
)
Package graphics Info: Driver file: pdftex.def on input line 107.

(c:/texlive/2023/texmf-dist/tex/latex/graphics-def/pdftex.def
File: pdftex.def 2022/09/22 v1.2b Graphics/color driver for pdftex
))
\Gin@req@height=\dimen149
\Gin@req@width=\dimen150
)
(c:/texlive/2023/texmf-dist/tex/latex/tools/dcolumn.sty
Package: dcolumn 2014/10/28 v1.06 decimal alignment package (DPC)

(c:/texlive/2023/texmf-dist/tex/latex/tools/array.sty
Package: array 2022/09/04 v2.5g Tabular extension package (FMi)
\col@sep=\dimen151
\ar@mcellbox=\box68
\extrarowheight=\dimen152
\NC@list=\toks25
\extratabsurround=\skip55
\backup@length=\skip56
\ar@cellbox=\box69
))
(c:/texlive/2023/texmf-dist/tex/latex/tools/bm.sty
Package: bm 2022/01/05 v1.2f Bold Symbol Support (DPC/FMi)
\symboldoperators=\mathgroup6
\symboldletters=\mathgroup7
\symboldsymbols=\mathgroup8
Package bm Info: No bold for \OMX/cmex/m/n, using \pmb.
Package bm Info: No bold for \U/msa/m/n, using \pmb.
Package bm Info: No bold for \U/msb/m/n, using \pmb.
LaTeX Font Info:    Redeclaring math alphabet \mathbf on input line 149.
LaTeX Info: Redefining \bm on input line 219.
)
Class revtex4-2 Info: Unrecognized array package. Please update this document c
lass! (Proceeding with fingers crossed.) on input line 58.
Class revtex4-2 Info: cite was not loaded (OK!) on input line 58.
Class revtex4-2 Info: mcite was not loaded (OK!) on input line 58.
Class revtex4-2 Info: multicol was not loaded (OK!) on input line 58.

(c:/texlive/2023/texmf-dist/tex/latex/l3backend/l3backend-pdftex.def
File: l3backend-pdftex.def 2023-03-30 L3 backend support: PDF output (pdfTeX)
\l__color_backend_stack_int=\count279
\l__pdf_internal_box=\box70
)
No file EstateOfArt.aux.
\openout1 = `EstateOfArt.aux'.

LaTeX Font Info:    Checking defaults for OML/cmm/m/it on input line 58.
LaTeX Font Info:    ... okay on input line 58.
LaTeX Font Info:    Checking defaults for OMS/cmsy/m/n on input line 58.
LaTeX Font Info:    ... okay on input line 58.
LaTeX Font Info:    Checking defaults for OT1/cmr/m/n on input line 58.
LaTeX Font Info:    ... okay on input line 58.
LaTeX Font Info:    Checking defaults for T1/cmr/m/n on input line 58.
LaTeX Font Info:    ... okay on input line 58.
LaTeX Font Info:    Checking defaults for TS1/cmr/m/n on input line 58.
LaTeX Font Info:    ... okay on input line 58.
LaTeX Font Info:    Checking defaults for OMX/cmex/m/n on input line 58.
LaTeX Font Info:    ... okay on input line 58.
LaTeX Font Info:    Checking defaults for U/cmr/m/n on input line 58.
LaTeX Font Info:    ... okay on input line 58.
(c:/texlive/2023/texmf-dist/tex/context/base/mkii/supp-pdf.mkii
[Loading MPS to PDF converter (version 2006.09.02).]
\scratchcounter=\count280
\scratchdimen=\dimen153
\scratchbox=\box71
\nofMPsegments=\count281
\nofMParguments=\count282
\everyMPshowfont=\toks26
\MPscratchCnt=\count283
\MPscratchDim=\dimen154
\MPnumerator=\count284
\makeMPintoPDFobject=\count285
\everyMPtoPDFconversion=\toks27
) (c:/texlive/2023/texmf-dist/tex/latex/epstopdf-pkg/epstopdf-base.sty
Package: epstopdf-base 2020-01-24 v2.11 Base part for package epstopdf
Package epstopdf-base Info: Redefining graphics rule for `.eps' on input line 4
85.

(c:/texlive/2023/texmf-dist/tex/latex/latexconfig/epstopdf-sys.cfg
File: epstopdf-sys.cfg 2010/07/13 v1.3 Configuration of (r)epstopdf for TeX Liv
e
))
\openout3 = `EstateOfArtNotes.bib'.



Class revtex4-2 Warning: Assuming \noaffiliation for collaboration.

LaTeX Font Info:    Trying to load font information for U+msa on input line 110
.
(c:/texlive/2023/texmf-dist/tex/latex/amsfonts/umsa.fd
File: umsa.fd 2013/01/14 v3.01 AMS symbols A
)
LaTeX Font Info:    Trying to load font information for U+msb on input line 110
.

(c:/texlive/2023/texmf-dist/tex/latex/amsfonts/umsb.fd
File: umsb.fd 2013/01/14 v3.01 AMS symbols B
)
LaTeX Font Info:    Trying to load font information for OMS+cmr on input line 1
10.

(c:/texlive/2023/texmf-dist/tex/latex/base/omscmr.fd
File: omscmr.fd 2022/07/10 v2.5l Standard LaTeX font definitions
)
LaTeX Font Info:    Font shape `OMS/cmr/m/it' in size <9> not available
(Font)              Font shape `OMS/cmsy/m/n' tried instead on input line 110.


LaTeX Warning: Reference `fig1:saito' on page 1 undefined on input line 116.

<Saito/fig. 1 Saito.png, id=1, 243.91125pt x 259.7203pt>
File: Saito/fig. 1 Saito.png Graphic file (type png)
<use Saito/fig. 1 Saito.png>
Package pdftex.def Info: Saito/fig. 1 Saito.png  used on input line 119.
(pdftex.def)             Requested size: 255.0pt x 271.52942pt.

Overfull \hbox (9.0pt too wide) in paragraph at lines 119--120
 [][] 
 []


LaTeX Warning: Reference `fig1:saito' on page 1 undefined on input line 123.


LaTeX Warning: Reference `fig1:saito' on page 1 undefined on input line 136.


LaTeX Warning: Reference `fig2:saito' on page 1 undefined on input line 136.

[1{c:/texlive/2023/texmf-var/fonts/map/pdftex/updmap/pdftex.map} <./Saito/fig. 
1 Saito.png>]
<Saito/fig. 2 saito.png, id=25, 270.25969pt x 125.71968pt>
File: Saito/fig. 2 saito.png Graphic file (type png)
<use Saito/fig. 2 saito.png>
Package pdftex.def Info: Saito/fig. 2 saito.png  used on input line 158.
(pdftex.def)             Requested size: 203.99689pt x 94.89763pt.
<Saito/fig. 3 Saito.png, id=26, 177.66376pt x 136.25906pt>
File: Saito/fig. 3 Saito.png Graphic file (type png)
<use Saito/fig. 3 Saito.png>
Package pdftex.def Info: Saito/fig. 3 Saito.png  used on input line 168.
(pdftex.def)             Requested size: 153.00156pt x 117.3489pt.
<Saito/fig. 4 Saito.png, id=27, 241.65282pt x 260.47313pt>
File: Saito/fig. 4 Saito.png Graphic file (type png)
<use Saito/fig. 4 Saito.png>
Package pdftex.def Info: Saito/fig. 4 Saito.png  used on input line 175.
(pdftex.def)             Requested size: 153.00156pt x 164.92165pt.


LaTeX Warning: `h' float specifier changed to `ht'.

<Saito/fig. 5 6 Saito.png, id=28, 746.79pt x 663.22781pt>
File: Saito/fig. 5 6 Saito.png Graphic file (type png)
<use Saito/fig. 5 6 Saito.png>
Package pdftex.def Info: Saito/fig. 5 6 Saito.png  used on input line 182.
(pdftex.def)             Requested size: 153.00156pt x 135.88162pt.

LaTeX Warning: `h' float specifier changed to `ht'.

<Saito/fig 7 Saito.png, id=29, 369.63094pt x 306.39468pt>
File: Saito/fig 7 Saito.png Graphic file (type png)
<use Saito/fig 7 Saito.png>
Package pdftex.def Info: Saito/fig 7 Saito.png  used on input line 189.
(pdftex.def)             Requested size: 153.00156pt x 126.82416pt.

LaTeX Warning: `h' float specifier changed to `ht'.


LaTeX Warning: Reference `fig1:RL Diode' on page 2 undefined on input line 198.


<RLDiodo/fig 1 rldiode.png, id=30, 411.03563pt x 346.29375pt>
File: RLDiodo/fig 1 rldiode.png Graphic file (type png)
<use RLDiodo/fig 1 rldiode.png>
Package pdftex.def Info: RLDiodo/fig 1 rldiode.png  used on input line 202.
(pdftex.def)             Requested size: 255.0pt x 214.832pt.

Overfull \hbox (9.0pt too wide) in paragraph at lines 202--203
 [][] 
 []


LaTeX Warning: `h' float specifier changed to `ht'.


LaTeX Warning: Reference `fig1:RL Diode' on page 2 undefined on input line 207.



! LaTeX Error: Unicode character ⁡ (U+2061)
               not set up for use with LaTeX.

See the LaTeX manual or LaTeX Companion for explanation.
Type  H <return>  for immediate help.
 ...                                              
                                                  
l.215 ... ecuación anterior $\theta = tan^(-1)⁡
                                                  (-ωL/R)$ representa un re...

? 

! LaTeX Error: Unicode character ω (U+03C9)
               not set up for use with LaTeX.

See the LaTeX manual or LaTeX Companion for explanation.
Type  H <return>  for immediate help.
 ...                                              
                                                  
l.215 ...ación anterior $\theta = tan^(-1)⁡(-ω
                                                  L/R)$ representa un retard...

? 

! LaTeX Error: Unicode character ω (U+03C9)
               not set up for use with LaTeX.

See the LaTeX manual or LaTeX Companion for explanation.
Type  H <return>  for immediate help.
 ...                                              
                                                  
l.215 ...ciones iníciales y $Z_{a}=\sqrt{R^{2}+ω
                                                  ^{2}L^{2}}$ es la impedanc...

? 

LaTeX Warning: Reference `fig1:RL Diode' on page 2 undefined on input line 216.


[2 <./Saito/fig. 2 saito.png> <./Saito/fig. 3 Saito.png> <./Saito/fig. 4 Saito.
png> <./Saito/fig. 5 6 Saito.png>]

LaTeX Warning: A float is stuck (cannot be placed); try class option [floatfix]
 on input line 217.


! LaTeX Error: Unicode character ⁡ (U+2061)
               not set up for use with LaTeX.

See the LaTeX manual or LaTeX Companion for explanation.
Type  H <return>  for immediate help.
 ...                                              
                                                  
l.224 ...l ciclo. Además, $\theta_b = tan^(-1)⁡
                                                  (ωR/L(w_{0}^{2}-w^{2})$, ...

? 

! LaTeX Error: Unicode character ω (U+03C9)
               not set up for use with LaTeX.

See the LaTeX manual or LaTeX Companion for explanation.
Type  H <return>  for immediate help.
 ...                                              
                                                  
l.224 ...iclo. Además, $\theta_b = tan^(-1)⁡(ω
                                                  R/L(w_{0}^{2}-w^{2})$, $w_...

? 

! LaTeX Error: Unicode character ω (U+03C9)
               not set up for use with LaTeX.

See the LaTeX manual or LaTeX Companion for explanation.
Type  H <return>  for immediate help.
 ...                                              
                                                  
l.224 ...}-(R/2L)^2$ y $Z_{b}=(L/w)\sqrt{(R^{2}+ω
                                                  ^{2}L^{2}){^2}+(Rw/L)^2}$.
? 

Underfull \hbox (badness 2080) in paragraph at lines 223--226
\OML/cmm/m/it/10 w[] \OT1/cmr/m/n/10 = (1\OML/cmm/m/it/10 =LC[]\OT1/cmr/m/n/10 
)$, $\OML/cmm/m/it/10 w[] \OT1/cmr/m/n/10 = \OML/cmm/m/it/10 w[] \OMS/cmsy/m/n/
10 ^^@ \OT1/cmr/m/n/10 (\OML/cmm/m/it/10 R=\OT1/cmr/m/n/10 2\OML/cmm/m/it/10 L\
OT1/cmr/m/n/10 )[]$ y $\OML/cmm/m/it/10 Z[] \OT1/cmr/m/n/10 =
 []


! LaTeX Error: Unicode character τ (U+03C4)
               not set up for use with LaTeX.

See the LaTeX manual or LaTeX Companion for explanation.
Type  H <return>  for immediate help.
 ...                                              
                                                  
l.229 ...e de avance máxima más reciente, y $|τ
                                                  _m|$ e $|I_c|$ son paráme...

? 
<RLDiodo/fig rldiode materiales.png, id=39, 483.30562pt x 127.97812pt>
File: RLDiodo/fig rldiode materiales.png Graphic file (type png)
<use RLDiodo/fig rldiode materiales.png>
Package pdftex.def Info: RLDiodo/fig rldiode materiales.png  used on input line
 236.
(pdftex.def)             Requested size: 203.99689pt x 54.01796pt.
[3 <./Saito/fig 7 Saito.png> <./RLDiodo/fig 1 rldiode.png> <./RLDiodo/fig rldio
de materiales.png>]

LaTeX Warning: Reference `fig:circuito de Chua' on page 4 undefined on input li
ne 254.


LaTeX Warning: Reference `fig:diodo teórico' on page 4 undefined on input line
 254.

<Chua/circuitodechua.png, id=46, 614.295pt x 381.67593pt>
File: Chua/circuitodechua.png Graphic file (type png)
<use Chua/circuitodechua.png>
Package pdftex.def Info: Chua/circuitodechua.png  used on input line 257.
(pdftex.def)             Requested size: 229.49844pt x 142.59232pt.

LaTeX Warning: Reference `fig:circuito de Chua' on page 4 undefined on input li
ne 292.

LaTeX Font Info:    Trying to load font information for U+euf on input line 292
.
(c:/texlive/2023/texmf-dist/tex/latex/amsfonts/ueuf.fd
File: ueuf.fd 2013/01/14 v3.01 Euler Fraktur
)
<Chua/DiodoChua.png, id=47, 429.10312pt x 260.47313pt>
File: Chua/DiodoChua.png Graphic file (type png)
<use Chua/DiodoChua.png>
Package pdftex.def Info: Chua/DiodoChua.png  used on input line 295.
(pdftex.def)             Requested size: 203.99689pt x 123.82935pt.
<Chua/0_50s_Chua.png, id=48, 1016.29688pt x 581.92406pt>
File: Chua/0_50s_Chua.png Graphic file (type png)
<use Chua/0_50s_Chua.png>
Package pdftex.def Info: Chua/0_50s_Chua.png  used on input line 316.
(pdftex.def)             Requested size: 510.0pt x 292.01796pt.

Overfull \hbox (264.0pt too wide) in paragraph at lines 316--317
 [][] 
 []

! Missing \endcsname inserted.
<to be read again> 
                   \textwidth 
l.337 ...twidth]{Lorenz/Lorenz_Bif_mismo_u0_1.png}
                                                  
? 
! Missing number, treated as zero.
<to be read again> 
                   \endcsname 
l.337 ...twidth]{Lorenz/Lorenz_Bif_mismo_u0_1.png}
                                                  
? 
! Illegal unit of measure (pt inserted).
<to be read again> 
                   \endcsname 
l.337 ...twidth]{Lorenz/Lorenz_Bif_mismo_u0_1.png}
                                                  
? 
! Extra \endcsname.
<recently read> \endcsname 
                           
l.337 ...twidth]{Lorenz/Lorenz_Bif_mismo_u0_1.png}
                                                  
? 

! Package keyval Error: \textwidth  undefined.

See the keyval package documentation for explanation.
Type  H <return>  for immediate help.
 ...                                              
                                                  
l.337 ...twidth]{Lorenz/Lorenz_Bif_mismo_u0_1.png}
                                                  
? 
<Lorenz/Lorenz_Bif_mismo_u0_1.png, id=49, 462.528pt x 346.896pt>
File: Lorenz/Lorenz_Bif_mismo_u0_1.png Graphic file (type png)
<use Lorenz/Lorenz_Bif_mismo_u0_1.png>
Package pdftex.def Info: Lorenz/Lorenz_Bif_mismo_u0_1.png  used on input line 3
37.
(pdftex.def)             Requested size: 462.52686pt x 346.89514pt.

Overfull \hbox (216.52686pt too wide) in paragraph at lines 337--338
 [][] 
 []


LaTeX Warning: `h' float specifier changed to `ht'.

! Missing \endcsname inserted.
<to be read again> 
                   \textwidth 
l.343 ...s[\textwidth]{Lorenz/Lorenz_Lyap_exp.png}
                                                  
? 
! Missing number, treated as zero.
<to be read again> 
                   \endcsname 
l.343 ...s[\textwidth]{Lorenz/Lorenz_Lyap_exp.png}
                                                  
? 
! Illegal unit of measure (pt inserted).
<to be read again> 
                   \endcsname 
l.343 ...s[\textwidth]{Lorenz/Lorenz_Lyap_exp.png}
                                                  
? 
! Extra \endcsname.
<recently read> \endcsname 
                           
l.343 ...s[\textwidth]{Lorenz/Lorenz_Lyap_exp.png}
                                                  
? 

! Package keyval Error: \textwidth  undefined.

See the keyval package documentation for explanation.
Type  H <return>  for immediate help.
 ...                                              
                                                  
l.343 ...s[\textwidth]{Lorenz/Lorenz_Lyap_exp.png}
                                                  
? 
<Lorenz/Lorenz_Lyap_exp.png, id=50, 462.528pt x 346.896pt>
File: Lorenz/Lorenz_Lyap_exp.png Graphic file (type png)
<use Lorenz/Lorenz_Lyap_exp.png>
Package pdftex.def Info: Lorenz/Lorenz_Lyap_exp.png  used on input line 343.
(pdftex.def)             Requested size: 462.52686pt x 346.89514pt.

Overfull \hbox (216.52686pt too wide) in paragraph at lines 343--344
 [][] 
 []


LaTeX Warning: `h' float specifier changed to `ht'.

[4 <./Chua/circuitodechua.png> <./Chua/DiodoChua.png>]

LaTeX Warning: A float is stuck (cannot be placed); try class option [floatfix]
 on input line 356.


LaTeX Warning: Reference `Henon_fig_1' on page 5 undefined on input line 357.

<Henon/Screenshot_1.png, id=61, 447.92343pt x 331.2375pt>
File: Henon/Screenshot_1.png Graphic file (type png)
<use Henon/Screenshot_1.png>
Package pdftex.def Info: Henon/Screenshot_1.png  used on input line 360.
(pdftex.def)             Requested size: 203.99689pt x 150.85481pt.
<Henon/Screenshot_2.png, id=62, 459.21562pt x 339.51843pt>
File: Henon/Screenshot_2.png Graphic file (type png)
<use Henon/Screenshot_2.png>
Package pdftex.def Info: Henon/Screenshot_2.png  used on input line 361.
(pdftex.def)             Requested size: 255.0pt x 188.53339pt.

Overfull \hbox (9.0pt too wide) in paragraph at lines 360--362
 [] 
 []


LaTeX Warning: `!h' float specifier changed to `!ht'.

LaTeX Font Info:    Font shape `OMS/cmr/bx/n' in size <9> not available
(Font)              Font shape `OMS/cmsy/b/n' tried instead on input line 369.
LaTeX Font Info:    Font shape `OMS/cmr/m/n' in size <10> not available
(Font)              Font shape `OMS/cmsy/m/n' tried instead on input line 386.

LaTeX Warning: Reference `eq:wideeq' on page 5 undefined on input line 401.

[5 <./Chua/0_50s_Chua.png> <./Lorenz/Lorenz_Bif_mismo_u0_1.png>]

LaTeX Warning: A float is stuck (cannot be placed); try class option [floatfix]
 on input line 403.


Package natbib Warning: Citation `witten2001' on page 6 undefined on input line
 441.


Package natbib Warning: Citation `feyn54' on page 6 undefined on input line 441
.


Package natbib Warning: Citation `epr' on page 6 undefined on input line 450.

[6 <./Lorenz/Lorenz_Lyap_exp.png> <./Henon/Screenshot_1.png> <./Henon/Screensho
t_2.png>]

Package natbib Warning: Citation `epr' on page 7 undefined on input line 459.


Package natbib Warning: Citation `Beutler1994' on page 7 undefined on input lin
e 473.


Package natbib Warning: Citation `witten2001' on page 7 undefined on input line
 476.


Package natbib Warning: Citation `Bire82' on page 7 undefined on input line 476
.


Package natbib Warning: Citation `feyn54' on page 7 undefined on input line 481
.


Package natbib Warning: Citation `epr' on page 7 undefined on input line 481.


Package natbib Warning: Citation `witten2001' on page 7 undefined on input line
 481.


Package natbib Warning: Citation `Berman1983' on page 7 undefined on input line
 481.


Package natbib Warning: Citation `Davies1998' on page 7 undefined on input line
 481.


Package natbib Warning: Citation `Bire82' on page 7 undefined on input line 481
.


Package natbib Warning: Citation `epr' on page 7 undefined on input line 482.


Package natbib Warning: Citation `feyn54' on page 7 undefined on input line 482
.


Package natbib Warning: Citation `Bire82' on page 7 undefined on input line 482
.


Package natbib Warning: Citation `Berman1983' on page 7 undefined on input line
 482.


Package natbib Warning: Citation `witten2001' on page 7 undefined on input line
 482.


Package natbib Warning: Citation `Davies1998' on page 7 undefined on input line
 482.


Underfull \hbox (badness 1178) in paragraph at lines 518--521
[]\OT1/cmr/m/n/10 Numerous ex-am-ples of the use of the APS bib-
 []


Underfull \hbox (badness 2922) in paragraph at lines 518--521
\OT1/cmr/m/n/10 li-o-graphic en-try types ap-pear in the bib-li-og-ra-phy
 []


Underfull \hbox (badness 1789) in paragraph at lines 518--521
\OT1/cmr/m/n/10 of this sam-ple doc-u-ment. You can re-fer to the
 []


Package natbib Warning: Citation `Note1' on page 7 undefined on input line 526.


[7]

LaTeX Warning: Reference `eq:one' on page 8 undefined on input line 562.


LaTeX Warning: Reference `eq:one' on page 8 undefined on input line 575.


Underfull \hbox (badness 4819) in paragraph at lines 588--591
[]\OT1/cmr/m/n/10 Multiline equa-tions are ob-tained by us-ing the
 []


LaTeX Warning: Reference `eq:mynum' on page 8 undefined on input line 628.


Underfull \hbox (badness 1152) in paragraph at lines 635--646
 \OT1/cmr/m/it/10 a. A few notes on \OT1/cmtt/m/it/10 tag\OT1/cmr/m/it/10 s[] [
][]\OT1/cmtt/m/n/10 \tag{#1} []\OT1/cmr/m/n/10 re-quires the
 []


LaTeX Warning: Reference `subeq:1' on page 8 undefined on input line 650.


LaTeX Warning: Reference `subeq:2' on page 8 undefined on input line 650.


Underfull \hbox (badness 10000) in paragraph at lines 647--656
[]\OT1/cmr/m/n/10 Enclosing dis-play math within
 []


Underfull \hbox (badness 10000) in paragraph at lines 647--656
[][]\OT1/cmtt/m/n/10 \begin{subequations} []\OT1/cmr/m/n/10 and [][]\OT1/cmtt/m
/n/10 \end{subequations}
 []


LaTeX Warning: Reference `eq:whole' on page 8 undefined on input line 672.


Underfull \hbox (badness 2626) in paragraph at lines 667--673
\OT1/cmr/m/n/10 Giving a [][]\OT1/cmtt/m/n/10 \label{#1} []\OT1/cmr/m/n/10 com-
mand di-rectly af-ter the
 []

[8]

LaTeX Warning: Reference `sec:level1' on page 9 undefined on input line 712.


LaTeX Warning: Reference `sec:level1' on page 9 undefined on input line 712.


LaTeX Warning: Reference `tab:table1' on page 9 undefined on input line 713.


LaTeX Warning: Reference `fig:epsart' on page 9 undefined on input line 737.

Package epstopdf Info: Source file: <fig_1.eps>
(epstopdf)                    date: 2023-04-13 19:01:34
(epstopdf)                    size: 187 bytes
(epstopdf)             Output file: <fig_1-eps-converted-to.pdf>
(epstopdf)                    date: 2023-04-20 14:46:21
(epstopdf)                    size: 4878 bytes
(epstopdf)             Command: <repstopdf --outfile=fig_1-eps-converted-to.pdf
 fig_1.eps>
(epstopdf)             \includegraphics on input line 739.
Package epstopdf Info: Output file is already uptodate.
<fig_1-eps-converted-to.pdf, id=88, 100.375pt x 100.375pt>
File: fig_1-eps-converted-to.pdf Graphic file (type pdf)
<use fig_1-eps-converted-to.pdf>
Package pdftex.def Info: fig_1-eps-converted-to.pdf  used on input line 739.
(pdftex.def)             Requested size: 100.37474pt x 100.37474pt.
Package epstopdf Info: Source file: <fig_2.eps>
(epstopdf)                    date: 2023-04-13 19:01:34
(epstopdf)                    size: 190 bytes
(epstopdf)             Output file: <fig_2-eps-converted-to.pdf>
(epstopdf)                    date: 2023-04-20 14:46:24
(epstopdf)                    size: 5154 bytes
(epstopdf)             Command: <repstopdf --outfile=fig_2-eps-converted-to.pdf
 fig_2.eps>
(epstopdf)             \includegraphics on input line 755.
Package epstopdf Info: Output file is already uptodate.
<fig_2-eps-converted-to.pdf, id=89, 501.875pt x 80.3pt>
File: fig_2-eps-converted-to.pdf Graphic file (type pdf)
<use fig_2-eps-converted-to.pdf>
Package pdftex.def Info: fig_2-eps-converted-to.pdf  used on input line 755.
(pdftex.def)             Requested size: 501.87376pt x 80.29979pt.

Overfull \hbox (255.87376pt too wide) in paragraph at lines 755--756
 [][] 
 []

LaTeX Font Info:    Font shape `OMS/cmr/m/n' in size <9> not available
(Font)              Font shape `OMS/cmsy/m/n' tried instead on input line 764.

LaTeX Warning: Reference `fig:epsart' on page 9 undefined on input line 789.


LaTeX Warning: Reference `tab:table3' on page 9 undefined on input line 793.


LaTeX Warning: Reference `fig:wide' on page 9 undefined on input line 796.


LaTeX Warning: Reference `tab:table3' on page 9 undefined on input line 838.


LaTeX Warning: Reference `tab:table1' on page 9 undefined on input line 840.


LaTeX Warning: Reference `tab:table3' on page 9 undefined on input line 840.


LaTeX Warning: Reference `tab:table4' on page 9 undefined on input line 840.


LaTeX Warning: Reference `tab:table2' on page 9 undefined on input line 840.


Package natbib Warning: Citation `feyn54' on page 9 undefined on input line 874
.


LaTeX Warning: Reference `tab:table3' on page 9 undefined on input line 883.


LaTeX Warning: Reference `tab:table1' on page 9 undefined on input line 906.


LaTeX Warning: Reference `tab:table2' on page 9 undefined on input line 906.

[9 <./fig_1-eps-converted-to.pdf>]

LaTeX Warning: Reference `vid:PRSTPER.4.010101' on page 10 undefined on input l
ine 909.

Package epstopdf Info: Source file: <vid_1a.eps>
(epstopdf)                    date: 2023-04-13 19:01:34
(epstopdf)                    size: 194 bytes
(epstopdf)             Output file: <vid_1a-eps-converted-to.pdf>
(epstopdf)                    date: 2023-04-20 14:46:27
(epstopdf)                    size: 4972 bytes
(epstopdf)             Command: <repstopdf --outfile=vid_1a-eps-converted-to.pd
f vid_1a.eps>
(epstopdf)             \includegraphics on input line 914.
Package epstopdf Info: Output file is already uptodate.
<vid_1a-eps-converted-to.pdf, id=98, 100.375pt x 100.375pt>
File: vid_1a-eps-converted-to.pdf Graphic file (type pdf)
<use vid_1a-eps-converted-to.pdf>
Package pdftex.def Info: vid_1a-eps-converted-to.pdf  used on input line 914.
(pdftex.def)             Requested size: 100.37474pt x 100.37474pt.
Package epstopdf Info: Source file: <vid_1b.eps>
(epstopdf)                    date: 2023-04-13 19:01:34
(epstopdf)                    size: 194 bytes
(epstopdf)             Output file: <vid_1b-eps-converted-to.pdf>
(epstopdf)                    date: 2023-04-20 14:46:30
(epstopdf)                    size: 5036 bytes
(epstopdf)             Command: <repstopdf --outfile=vid_1b-eps-converted-to.pd
f vid_1b.eps>
(epstopdf)             \includegraphics on input line 916.
Package epstopdf Info: Output file is already uptodate.
<vid_1b-eps-converted-to.pdf, id=99, 100.375pt x 100.375pt>
File: vid_1b-eps-converted-to.pdf Graphic file (type pdf)
<use vid_1b-eps-converted-to.pdf>
Package pdftex.def Info: vid_1b-eps-converted-to.pdf  used on input line 916.
(pdftex.def)             Requested size: 100.37474pt x 100.37474pt.

Underfull \hbox (badness 4859) in paragraph at lines 909--930
[]\OT1/cmr/m/n/10 Video [] il-lus-trates sev-eral fea-tures new with
 []


LaTeX Warning: Reference `fig:wide' on page 10 undefined on input line 933.


LaTeX Warning: Reference `fig:epsart' on page 10 undefined on input line 933.

[10 <./fig_2-eps-converted-to.pdf> <./vid_1a-eps-converted-to.pdf> <./vid_1b-ep
s-converted-to.pdf>]

LaTeX Warning: Reference `app:subsec' on page 11 undefined on input line 982.


LaTeX Warning: Reference `appa' on page 11 undefined on input line 995.


LaTeX Warning: Reference `appb' on page 11 undefined on input line 995.


LaTeX Warning: Reference `appc' on page 11 undefined on input line 995.

No file EstateOfArt.bbl.

Package natbib Warning: There were undefined citations.

[11] (./EstateOfArt.aux)

LaTeX Warning: There were undefined references.


LaTeX Warning: Label(s) may have changed. Rerun to get cross-references right.

 ) 
Here is how much of TeX's memory you used:
 5190 strings out of 476017
 75052 string characters out of 5793760
 1890660 words of memory out of 5000000
 25555 multiletter control sequences out of 15000+600000
 529233 words of font info for 96 fonts, out of 8000000 for 9000
 1141 hyphenation exceptions out of 8191
 71i,16n,76p,1244b,465s stack positions out of 10000i,1000n,20000p,200000b,200000s
<c:/texlive/2023/texmf-dist/fonts/type1/public/amsfonts/cmextra/cmbsy9.pfb><c
:/texlive/2023/texmf-dist/fonts/type1/public/amsfonts/cm/cmbx10.pfb><c:/texlive
/2023/texmf-dist/fonts/type1/public/amsfonts/cm/cmbx12.pfb><c:/texlive/2023/tex
mf-dist/fonts/type1/public/amsfonts/cm/cmbx8.pfb><c:/texlive/2023/texmf-dist/fo
nts/type1/public/amsfonts/cm/cmbx9.pfb><c:/texlive/2023/texmf-dist/fonts/type1/
public/amsfonts/cm/cmex10.pfb><c:/texlive/2023/texmf-dist/fonts/type1/public/am
sfonts/cm/cmitt10.pfb><c:/texlive/2023/texmf-dist/fonts/type1/public/amsfonts/c
m/cmmi10.pfb><c:/texlive/2023/texmf-dist/fonts/type1/public/amsfonts/cm/cmmi6.p
fb><c:/texlive/2023/texmf-dist/fonts/type1/public/amsfonts/cm/cmmi7.pfb><c:/tex
live/2023/texmf-dist/fonts/type1/public/amsfonts/cm/cmmi8.pfb><c:/texlive/2023/
texmf-dist/fonts/type1/public/amsfonts/cm/cmmi9.pfb><c:/texlive/2023/texmf-dist
/fonts/type1/public/amsfonts/cm/cmmib10.pfb><c:/texlive/2023/texmf-dist/fonts/t
ype1/public/amsfonts/cm/cmr10.pfb><c:/texlive/2023/texmf-dist/fonts/type1/publi
c/amsfonts/cm/cmr5.pfb><c:/texlive/2023/texmf-dist/fonts/type1/public/amsfonts/
cm/cmr6.pfb><c:/texlive/2023/texmf-dist/fonts/type1/public/amsfonts/cm/cmr7.pfb
><c:/texlive/2023/texmf-dist/fonts/type1/public/amsfonts/cm/cmr8.pfb><c:/texliv
e/2023/texmf-dist/fonts/type1/public/amsfonts/cm/cmr9.pfb><c:/texlive/2023/texm
f-dist/fonts/type1/public/amsfonts/cm/cmsy10.pfb><c:/texlive/2023/texmf-dist/fo
nts/type1/public/amsfonts/cm/cmsy6.pfb><c:/texlive/2023/texmf-dist/fonts/type1/
public/amsfonts/cm/cmsy7.pfb><c:/texlive/2023/texmf-dist/fonts/type1/public/ams
fonts/cm/cmsy8.pfb><c:/texlive/2023/texmf-dist/fonts/type1/public/amsfonts/cm/c
msy9.pfb><c:/texlive/2023/texmf-dist/fonts/type1/public/amsfonts/cm/cmti10.pfb>
<c:/texlive/2023/texmf-dist/fonts/type1/public/amsfonts/cm/cmti9.pfb><c:/texliv
e/2023/texmf-dist/fonts/type1/public/amsfonts/cm/cmtt10.pfb><c:/texlive/2023/te
xmf-dist/fonts/type1/public/amsfonts/cm/cmtt9.pfb><c:/texlive/2023/texmf-dist/f
onts/type1/public/amsfonts/euler/eufm10.pfb><c:/texlive/2023/texmf-dist/fonts/t
ype1/public/amsfonts/symbols/msam10.pfb><c:/texlive/2023/texmf-dist/fonts/type1
/public/amsfonts/symbols/msbm10.pfb>
Output written on EstateOfArt.pdf (11 pages, 1023579 bytes).
PDF statistics:
 251 PDF objects out of 1000 (max. 8388607)
 136 compressed objects within 2 object streams
 0 named destinations out of 1000 (max. 500000)
 96 words of extra memory for PDF output out of 10000 (max. 10000000)

